<?xml version="1.0" encoding="UTF-8"?>
<testsuite xmlns:xsi="http://www.w3.org/2001/XMLSchema-instance" xsi:noNamespaceSchemaLocation="https://maven.apache.org/surefire/maven-surefire-plugin/xsd/surefire-test-report-3.0.xsd" version="3.0" name="EmailListCleanerTest" time="0.815" tests="3" errors="0" skipped="0" failures="0">
  <properties>
[...]
</properties>
  <testcase name="testCapitalizeFirstLetter" classname="EmailListCleanerTest" time="0.647"/>
  <testcase name="testInvalidEmailFormat" classname="EmailListCleanerTest" time="0.1">
    <system-err><![CDATA[Error: Invalid data format found. Skipping the line: invalidemail1
Error: Invalid data format found. Skipping the line: invalidemail2
]]></system-err>
  </testcase>
  <testcase name="testCleanData" classname="EmailListCleanerTest" time="0"/>
</testsuite>